<?xml version="1.0" encoding="UTF-8"?>
<!-- Generated by org.testng.reporters.JUnitReportReporter -->
<testsuite hostname="LTIN589933" failures="0" tests="4" name="testCases.TC002__IdentifyUpcomingBikes" time="3.154" errors="0" timestamp="2025-07-06T21:06:42 IST" skipped="0">
  <testcase classname="testCases.TC002__IdentifyUpcomingBikes" name="testNavigateToNewBikes" time="1.348"/>
  <testcase classname="testCases.TC002__IdentifyUpcomingBikes" name="testViewAllUpcomingBikes" time="0.623"/>
  <testcase classname="testCases.TC002__IdentifyUpcomingBikes" name="testClickBrandHonda" time="0.480"/>
  <testcase classname="testCases.TC002__IdentifyUpcomingBikes" name="testFetchBikeDetails" time="0.703"/>
</testsuite> <!-- testCases.TC002__IdentifyUpcomingBikes -->
