<?xml version="1.0" encoding="UTF-8"?>
<!-- Generated by org.testng.reporters.JUnitReportReporter -->
<testsuite hostname="LTIN589933" failures="0" tests="6" name="testCases.TC001_LoginTest" time="6.741" errors="0" timestamp="2025-07-06T21:05:49 IST" skipped="0">
  <testcase classname="testCases.TC001_LoginTest" name="testPageTitle" time="0.053"/>
  <testcase classname="testCases.TC001_LoginTest" name="clcikOnLoginBtn" time="0.743"/>
  <testcase classname="testCases.TC001_LoginTest" name="testLoginPopUp" time="0.200"/>
  <testcase classname="testCases.TC001_LoginTest" name="testGoogleLogin" time="5.410"/>
  <testcase classname="testCases.TC001_LoginTest" name="closegoogleLogin" time="0.141"/>
  <testcase classname="testCases.TC001_LoginTest" name="closeLoginModel" time="0.194"/>
</testsuite> <!-- testCases.TC001_LoginTest -->
