<?xml version="1.0" encoding="UTF-8"?>
<!-- Generated by org.testng.reporters.JUnitReportReporter -->
<testsuite hostname="LTIN589933" failures="0" tests="4" name="testCases.TC003_UsedCars" time="5.064" errors="0" timestamp="2025-07-06T23:33:17 IST" skipped="0">
  <testcase classname="testCases.TC003_UsedCars" name="testMenuButtonClick" time="3.669"/>
  <testcase classname="testCases.TC003_UsedCars" name="testSetChennaiLocation" time="0.348"/>
  <testcase classname="testCases.TC003_UsedCars" name="testValidateLocation" time="0.041"/>
  <testcase classname="testCases.TC003_UsedCars" name="getModelNameList" time="1.006"/>
</testsuite> <!-- testCases.TC003_UsedCars -->
